#
# There is insufficient memory for the Java Runtime Environment to continue.
# Native memory allocation (mmap) failed to map 402653184 bytes for G1 virtual space
# Possible reasons:
#   The system is out of physical RAM or swap space
#   The process is running with CompressedOops enabled, and the Java Heap may be blocking the growth of the native heap
# Possible solutions:
#   Reduce memory load on the system
#   Increase physical memory or swap space
#   Check if swap backing store is full
#   Decrease Java heap size (-Xmx/-Xms)
#   Decrease number of Java threads
#   Decrease Java thread stack sizes (-Xss)
#   Set larger code cache with -XX:ReservedCodeCacheSize=
#   JVM is running with Zero Based Compressed Oops mode in which the Java heap is
#     placed in the first 32GB address space. The Java Heap base address is the
#     maximum limit for the native heap growth. Please use -XX:HeapBaseMinAddress
#     to set the Java Heap base and to place the Java Heap above 32GB virtual address.
# This output file may be truncated or incomplete.
#
#  Out of Memory Error (os_windows.cpp:3541), pid=16652, tid=15328
#
# JRE version:  (17.0.4.1+1) (build )
# Java VM: OpenJDK 64-Bit Server VM (17.0.4.1+1, mixed mode, sharing, tiered, compressed oops, compressed class ptrs, g1 gc, windows-amd64)
# No core dump will be written. Minidumps are not enabled by default on client versions of Windows
#

---------------  S U M M A R Y ------------

Command Line: -Dfile.encoding=UTF-8 -XX:+ShowCodeDetailsInExceptionMessages Swing_Tut_17_Menu_Bar.Main

Host: Intel(R) Core(TM) i5-4670K CPU @ 3.40GHz, 4 cores, 23G,  Windows 11 , 64 bit Build 22000 (10.0.22000.1335)
Time: Thu Jan  5 00:04:01 2023 Eastern Standard Time elapsed time: 0.013609 seconds (0d 0h 0m 0s)

---------------  T H R E A D  ---------------

Current thread (0x00000217e3050050):  JavaThread "Unknown thread" [_thread_in_vm, id=15328, stack(0x000000a71d400000,0x000000a71d500000)]

Stack: [0x000000a71d400000,0x000000a71d500000]
Native frames: (J=compiled Java code, j=interpreted, Vv=VM code, C=native code)
V  [jvm.dll+0x67731a]
V  [jvm.dll+0x832284]
V  [jvm.dll+0x833a2e]
V  [jvm.dll+0x834093]
V  [jvm.dll+0x245775]
V  [jvm.dll+0x674209]
V  [jvm.dll+0x668a92]
V  [jvm.dll+0x30471b]
V  [jvm.dll+0x30bc66]
V  [jvm.dll+0x35ba9e]
V  [jvm.dll+0x35bccf]
V  [jvm.dll+0x2db5b8]
V  [jvm.dll+0x2dc524]
V  [jvm.dll+0x803db1]
V  [jvm.dll+0x3698f1]
V  [jvm.dll+0x7e31bc]
V  [jvm.dll+0x3ec25f]
V  [jvm.dll+0x3edde1]
C  [jli.dll+0x5277]
C  [ucrtbase.dll+0x26c0c]
C  [KERNEL32.DLL+0x155a0]
C  [ntdll.dll+0x485b]


---------------  P R O C E S S  ---------------

Threads class SMR info:
_java_thread_list=0x00007ff902b44e98, length=0, elements={
}

Java Threads: ( => current thread )

Other Threads:
  0x00000217e30d8520 GCTaskThread "GC Thread#0" [stack: 0x000000a71d500000,0x000000a71d600000] [id=27020]
  0x00000217e30e5cf0 ConcurrentGCThread "G1 Main Marker" [stack: 0x000000a71d600000,0x000000a71d700000] [id=20236]
  0x00000217e30e7010 ConcurrentGCThread "G1 Conc#0" [stack: 0x000000a71d700000,0x000000a71d800000] [id=27468]

[error occurred during error reporting (printing all threads), id 0xc0000005, EXCEPTION_ACCESS_VIOLATION (0xc0000005) at pc=0x00007ff90231c047]

VM state: not at safepoint (not fully initialized)

VM Mutex/Monitor currently owned by a thread:  ([mutex/lock_event])
[0x00000217e304bed0] Heap_lock - owner thread: 0x00000217e3050050

Heap address: 0x0000000680c00000, size: 6132 MB, Compressed Oops mode: Zero based, Oop shift amount: 3

CDS archive(s) mapped at: [0x0000000000000000-0x0000000000000000-0x0000000000000000), size 0, SharedBaseAddress: 0x0000000800000000, ArchiveRelocationMode: 0.
Narrow klass base: 0x0000000000000000, Narrow klass shift: 0, Narrow klass range: 0x0

GC Precious Log:
<Empty>

Heap:
 garbage-first heap   total 0K, used 0K [0x0000000680c00000, 0x0000000800000000)
  region size 4096K, 0 young (0K), 0 survivors (0K)

[error occurred during error reporting (printing heap information), id 0xc0000005, EXCEPTION_ACCESS_VIOLATION (0xc0000005) at pc=0x00007ff902700699]

GC Heap History (0 events):
No events

Deoptimization events (0 events):
No events

Classes unloaded (0 events):
No events

Classes redefined (0 events):
No events

Internal exceptions (0 events):
No events

VM Operations (0 events):
No events

Events (1 events):
Event: 0.009 Loaded shared library C:\Users\Wyatt\.p2\pool\plugins\org.eclipse.justj.openjdk.hotspot.jre.full.win32.x86_64_17.0.4.v20221004-1257\jre\bin\java.dll


Dynamic libraries:
0x00007ff641580000 - 0x00007ff64158e000 	C:\Users\Wyatt\.p2\pool\plugins\org.eclipse.justj.openjdk.hotspot.jre.full.win32.x86_64_17.0.4.v20221004-1257\jre\bin\javaw.exe
0x00007ff9b7bc0000 - 0x00007ff9b7dc9000 	C:\Windows\SYSTEM32\ntdll.dll
0x00007ff9b6130000 - 0x00007ff9b61ee000 	C:\Windows\System32\KERNEL32.DLL
0x00007ff9b5320000 - 0x00007ff9b569b000 	C:\Windows\System32\KERNELBASE.dll
0x00007ff9b56a0000 - 0x00007ff9b57b1000 	C:\Windows\System32\ucrtbase.dll
0x00007ff9a27b0000 - 0x00007ff9a27c8000 	C:\Users\Wyatt\.p2\pool\plugins\org.eclipse.justj.openjdk.hotspot.jre.full.win32.x86_64_17.0.4.v20221004-1257\jre\bin\jli.dll
0x00007ff9b6380000 - 0x00007ff9b652d000 	C:\Windows\System32\USER32.dll
0x00007ff9b5270000 - 0x00007ff9b5296000 	C:\Windows\System32\win32u.dll
0x00007ff9b61f0000 - 0x00007ff9b6219000 	C:\Windows\System32\GDI32.dll
0x00007ff9b5150000 - 0x00007ff9b5268000 	C:\Windows\System32\gdi32full.dll
0x00007ff9b5930000 - 0x00007ff9b59cd000 	C:\Windows\System32\msvcp_win.dll
0x00007ff9a26e0000 - 0x00007ff9a26f9000 	C:\Users\Wyatt\.p2\pool\plugins\org.eclipse.justj.openjdk.hotspot.jre.full.win32.x86_64_17.0.4.v20221004-1257\jre\bin\VCRUNTIME140.dll
0x00007ff99f800000 - 0x00007ff99faa5000 	C:\Windows\WinSxS\amd64_microsoft.windows.common-controls_6595b64144ccf1df_6.0.22000.120_none_9d947278b86cc467\COMCTL32.dll
0x00007ff9b5d00000 - 0x00007ff9b5da3000 	C:\Windows\System32\msvcrt.dll
0x00007ff9b60f0000 - 0x00007ff9b6122000 	C:\Windows\System32\IMM32.DLL
0x00007ff9b1680000 - 0x00007ff9b168c000 	C:\Users\Wyatt\.p2\pool\plugins\org.eclipse.justj.openjdk.hotspot.jre.full.win32.x86_64_17.0.4.v20221004-1257\jre\bin\vcruntime140_1.dll
0x00007ff98bd70000 - 0x00007ff98be01000 	C:\Users\Wyatt\.p2\pool\plugins\org.eclipse.justj.openjdk.hotspot.jre.full.win32.x86_64_17.0.4.v20221004-1257\jre\bin\msvcp140.dll
0x00007ff902030000 - 0x00007ff902c76000 	C:\Users\Wyatt\.p2\pool\plugins\org.eclipse.justj.openjdk.hotspot.jre.full.win32.x86_64_17.0.4.v20221004-1257\jre\bin\server\jvm.dll
0x00007ff9b5aa0000 - 0x00007ff9b5b4e000 	C:\Windows\System32\ADVAPI32.dll
0x00007ff9b6050000 - 0x00007ff9b60ee000 	C:\Windows\System32\sechost.dll
0x00007ff9b5eb0000 - 0x00007ff9b5fd0000 	C:\Windows\System32\RPCRT4.dll
0x00007ff9b7b10000 - 0x00007ff9b7b18000 	C:\Windows\System32\PSAPI.DLL
0x00007ff9b1830000 - 0x00007ff9b1839000 	C:\Windows\SYSTEM32\WSOCK32.dll
0x00007ff9b5db0000 - 0x00007ff9b5e1f000 	C:\Windows\System32\WS2_32.dll
0x00007ff9ac640000 - 0x00007ff9ac673000 	C:\Windows\SYSTEM32\WINMM.dll
0x00007ff9ad230000 - 0x00007ff9ad23a000 	C:\Windows\SYSTEM32\VERSION.dll
0x00007ff9b4200000 - 0x00007ff9b4218000 	C:\Windows\SYSTEM32\kernel.appcore.dll
0x00007ff9b1970000 - 0x00007ff9b197a000 	C:\Users\Wyatt\.p2\pool\plugins\org.eclipse.justj.openjdk.hotspot.jre.full.win32.x86_64_17.0.4.v20221004-1257\jre\bin\jimage.dll
0x00007ff9a4b50000 - 0x00007ff9a4d71000 	C:\Windows\SYSTEM32\DBGHELP.DLL
0x00007ff9a1a60000 - 0x00007ff9a1a91000 	C:\Windows\SYSTEM32\dbgcore.DLL
0x00007ff9b52a0000 - 0x00007ff9b531f000 	C:\Windows\System32\bcryptPrimitives.dll
0x00007ff9a2c90000 - 0x00007ff9a2cb5000 	C:\Users\Wyatt\.p2\pool\plugins\org.eclipse.justj.openjdk.hotspot.jre.full.win32.x86_64_17.0.4.v20221004-1257\jre\bin\java.dll

dbghelp: loaded successfully - version: 4.0.5 - missing functions: none
symbol engine: initialized successfully - sym options: 0x614 - pdb path: .;C:\Users\Wyatt\.p2\pool\plugins\org.eclipse.justj.openjdk.hotspot.jre.full.win32.x86_64_17.0.4.v20221004-1257\jre\bin;C:\Windows\SYSTEM32;C:\Windows\WinSxS\amd64_microsoft.windows.common-controls_6595b64144ccf1df_6.0.22000.120_none_9d947278b86cc467;C:\Users\Wyatt\.p2\pool\plugins\org.eclipse.justj.openjdk.hotspot.jre.full.win32.x86_64_17.0.4.v20221004-1257\jre\bin\server

VM Arguments:
jvm_args: -Dfile.encoding=UTF-8 -XX:+ShowCodeDetailsInExceptionMessages 
java_command: Swing_Tut_17_Menu_Bar.Main
java_class_path (initial): H:\ProgramFiles\eclipse\Lacie\Swing\bin
Launcher Type: SUN_STANDARD

[Global flags]
     intx CICompilerCount                          = 3                                         {product} {ergonomic}
     uint ConcGCThreads                            = 1                                         {product} {ergonomic}
     uint G1ConcRefinementThreads                  = 4                                         {product} {ergonomic}
   size_t G1HeapRegionSize                         = 4194304                                   {product} {ergonomic}
    uintx GCDrainStackTargetSize                   = 64                                        {product} {ergonomic}
   size_t InitialHeapSize                          = 402653184                                 {product} {ergonomic}
   size_t MarkStackSize                            = 4194304                                   {product} {ergonomic}
   size_t MaxHeapSize                              = 6429868032                                {product} {ergonomic}
   size_t MinHeapDeltaBytes                        = 4194304                                   {product} {ergonomic}
   size_t MinHeapSize                              = 8388608                                   {product} {ergonomic}
    uintx NonNMethodCodeHeapSize                   = 5832780                                {pd product} {ergonomic}
    uintx NonProfiledCodeHeapSize                  = 122912730                              {pd product} {ergonomic}
    uintx ProfiledCodeHeapSize                     = 122912730                              {pd product} {ergonomic}
    uintx ReservedCodeCacheSize                    = 251658240                              {pd product} {ergonomic}
     bool SegmentedCodeCache                       = true                                      {product} {ergonomic}
     bool ShowCodeDetailsInExceptionMessages       = true                                   {manageable} {command line}
   size_t SoftMaxHeapSize                          = 6429868032                             {manageable} {ergonomic}
     bool UseCompressedClassPointers               = true                           {product lp64_product} {ergonomic}
     bool UseCompressedOops                        = true                           {product lp64_product} {ergonomic}
     bool UseG1GC                                  = true                                      {product} {ergonomic}
     bool UseLargePagesIndividualAllocation        = false                                  {pd product} {ergonomic}

Logging:
Log output configuration:
 #0: stdout all=warning uptime,level,tags
 #1: stderr all=off uptime,level,tags

Environment Variables:
JAVA_HOME=C:\Program Files\Eclipse Adoptium\jdk-11.0.17.8-hotspot\
PATH=C:/Users/Wyatt/.p2/pool/plugins/org.eclipse.justj.openjdk.hotspot.jre.full.win32.x86_64_17.0.4.v20221004-1257/jre/bin/server;C:/Users/Wyatt/.p2/pool/plugins/org.eclipse.justj.openjdk.hotspot.jre.full.win32.x86_64_17.0.4.v20221004-1257/jre/bin;C:\Program Files (x86)\Common Files\Oracle\Java\javapath;C:\Program Files\Eclipse Adoptium\jdk-11.0.17.8-hotspot\bin;C:\Program Files\Eclipse Adoptium\jre-11.0.14.9-hotspot\bin;C:\Windows\system32;C:\Windows;C:\Windows\System32\Wbem;C:\Windows\System32\WindowsPowerShell\v1.0\;C:\Windows\System32\OpenSSH\;C:\Program Files\NVIDIA Corporation\NVIDIA NvDLISR;C:\Program Files (x86)\NVIDIA Corporation\PhysX\Common;C:\Program Files\dotnet\;C:\Users\Wyatt\AppData\Local\Microsoft\WindowsApps;;H:\ProgramFiles\Microsoft VS Code\bin;C:\Users\Wyatt\.dotnet\tools;H:\ProgramFiles\Intelijeli\IntelliJ IDEA 2022.3\bin;;H:\ProgramFiles\eclipse;
USERNAME=Wyatt
OS=Windows_NT
PROCESSOR_IDENTIFIER=Intel64 Family 6 Model 60 Stepping 3, GenuineIntel
TMP=C:\Users\Wyatt\AppData\Local\Temp
TEMP=C:\Users\Wyatt\AppData\Local\Temp



---------------  S Y S T E M  ---------------

OS:
 Windows 11 , 64 bit Build 22000 (10.0.22000.1335)
OS uptime: 12 days 9:05 hours

CPU: total 4 (initial active 4) (4 cores per cpu, 1 threads per core) family 6 model 60 stepping 3 microcode 0x28, cx8, cmov, fxsr, mmx, sse, sse2, sse3, ssse3, sse4.1, sse4.2, popcnt, lzcnt, tsc, tscinvbit, avx, avx2, aes, erms, clmul, bmi1, bmi2, fma, vzeroupper, clflush

Memory: 4k page, system-wide physical 24513M (7632M free)
TotalPageFile size 39705M (AvailPageFile size 367M)
current process WorkingSet (physical memory assigned to process): 10M, peak: 10M
current process commit charge ("private bytes"): 51M, peak: 435M

vm_info: OpenJDK 64-Bit Server VM (17.0.4.1+1) for windows-amd64 JRE (17.0.4.1+1), built on Aug 17 2022 07:42:43 by "temurin" with MS VC++ 16.7 (VS2019)

END.
